<?xml version="1.0" encoding="UTF-8"?>
<!-- Generated by org.testng.reporters.JUnitReportReporter -->
<testsuite hostname="sunanda" failures="0" tests="1" name="multLanguage.homePageTest" time="0.185" errors="0" timestamp="2024-05-06T22:38:21 IST" skipped="0">
  <testcase classname="multLanguage.homePageTest" name="heaerTestValidation" time="0.185"/>
</testsuite> <!-- multLanguage.homePageTest -->
